<?xml version="1.0" encoding="UTF-8"?>
<!-- Generated by org.testng.reporters.JUnitXMLReporter -->
<testsuite ignored="2" hostname="DESKTOP-F6KJ1VL" failures="0" tests="1" name="Default test" time="22.202" errors="0" timestamp="2023-11-06T07:29:33 PST">
  <testcase classname="Adactin_Test.AdactinTest" name="BookHotel" time="11.062"/>
  <testcase classname="Adactin_Test.AdactinTest" name="verifyTitle" time="0.0">
    <ignored/>
  </testcase> <!-- verifyTitle -->
  <testcase classname="Adactin_Test.AdactinTest" name="verifyuser" time="0.0">
    <ignored/>
  </testcase> <!-- verifyuser -->
</testsuite> <!-- Default test -->
