# JRE version: OpenJDK Runtime Environment Temurin-17.0.3+7 (17.0.3+7) (build 17.0.3+7)
# Java VM: OpenJDK 64-Bit Server VM Temurin-17.0.3+7 (17.0.3+7, mixed mode, tiered, compressed oops, compressed class ptrs, g1 gc, windows-amd64)
GC Precious Log:
 CPUs: 4 total, 4 available
 Memory: 11662M
 Large Page Support: Disabled
 NUMA Support: Disabled
 Compressed Oops: Enabled (Zero based)
 Heap Region Size: 2M
 Heap Min Capacity: 8M
 Heap Initial Capacity: 184M
 Heap Max Capacity: 2916M
 Pre-touch: Disabled
 Parallel Workers: 4
 Concurrent Workers: 1
 Concurrent Refinement Workers: 4
 Periodic GC: Disabled
Heap:
 garbage-first heap   total 40960K, used 19601K [0x0000000749c00000, 0x0000000800000000)
  region size 2048K, 1 young (2048K), 1 survivors (2048K)
 Metaspace       used 36397K, committed 36736K, reserved 1081344K
  class space    used 4200K, committed 4352K, reserved 1048576K
GC Heap History (19 events):
Event: 0.516 GC heap before
{Heap before GC invocations=0 (full 0):
 garbage-first heap   total 188416K, used 10240K [0x0000000749c00000, 0x0000000800000000)
  region size 2048K, 6 young (12288K), 0 survivors (0K)
 Metaspace       used 11487K, committed 11712K, reserved 1064960K
  class space    used 1084K, committed 1216K, reserved 1048576K
}
Event: 0.519 GC heap after
{Heap after GC invocations=1 (full 0):
 garbage-first heap   total 188416K, used 5434K [0x0000000749c00000, 0x0000000800000000)
  region size 2048K, 1 young (2048K), 1 survivors (2048K)
 Metaspace       used 11487K, committed 11712K, reserved 1064960K
  class space    used 1084K, committed 1216K, reserved 1048576K
}
Event: 0.733 GC heap before
{Heap before GC invocations=1 (full 0):
 garbage-first heap   total 188416K, used 11578K [0x0000000749c00000, 0x0000000800000000)
  region size 2048K, 5 young (10240K), 1 survivors (2048K)
 Metaspace       used 14537K, committed 14848K, reserved 1064960K
  class space    used 1450K, committed 1600K, reserved 1048576K
}
Event: 0.736 GC heap after
{Heap after GC invocations=2 (full 0):
 garbage-first heap   total 188416K, used 6227K [0x0000000749c00000, 0x0000000800000000)
  region size 2048K, 1 young (2048K), 1 survivors (2048K)
 Metaspace       used 14537K, committed 14848K, reserved 1064960K
  class space    used 1450K, committed 1600K, reserved 1048576K
}
Event: 1.508 GC heap before
{Heap before GC invocations=2 (full 0):
 garbage-first heap   total 188416K, used 24659K [0x0000000749c00000, 0x0000000800000000)
  region size 2048K, 12 young (24576K), 1 survivors (2048K)
 Metaspace       used 21168K, committed 21504K, reserved 1073152K
  class space    used 2336K, committed 2496K, reserved 1048576K
}
Event: 1.511 GC heap after
{Heap after GC invocations=3 (full 0):
 garbage-first heap   total 188416K, used 7872K [0x0000000749c00000, 0x0000000800000000)
  region size 2048K, 2 young (4096K), 2 survivors (4096K)
 Metaspace       used 21168K, committed 21504K, reserved 1073152K
  class space    used 2336K, committed 2496K, reserved 1048576K
}
Event: 1.929 GC heap before
{Heap before GC invocations=4 (full 0):
 garbage-first heap   total 40960K, used 28352K [0x0000000749c00000, 0x0000000800000000)
  region size 2048K, 13 young (26624K), 2 survivors (4096K)
 Metaspace       used 27101K, committed 27392K, reserved 1081344K
  class space    used 3046K, committed 3200K, reserved 1048576K
}
Event: 1.933 GC heap after
{Heap after GC invocations=5 (full 0):
 garbage-first heap   total 40960K, used 10080K [0x0000000749c00000, 0x0000000800000000)
  region size 2048K, 3 young (6144K), 3 survivors (6144K)
 Metaspace       used 27101K, committed 27392K, reserved 1081344K
  class space    used 3046K, committed 3200K, reserved 1048576K
}
Event: 1.970 GC heap before
{Heap before GC invocations=5 (full 0):
 garbage-first heap   total 40960K, used 12128K [0x0000000749c00000, 0x0000000800000000)
  region size 2048K, 4 young (8192K), 3 survivors (6144K)
 Metaspace       used 27607K, committed 27904K, reserved 1081344K
  class space    used 3111K, committed 3264K, reserved 1048576K
}
Event: 1.977 GC heap after
{Heap after GC invocations=6 (full 0):
 garbage-first heap   total 40960K, used 10150K [0x0000000749c00000, 0x0000000800000000)
  region size 2048K, 1 young (2048K), 1 survivors (2048K)
 Metaspace       used 27607K, committed 27904K, reserved 1081344K
  class space    used 3111K, committed 3264K, reserved 1048576K
}
Event: 6.191 GC heap before
{Heap before GC invocations=6 (full 0):
 garbage-first heap   total 40960K, used 30630K [0x0000000749c00000, 0x0000000800000000)
  region size 2048K, 8 young (16384K), 1 survivors (2048K)
 Metaspace       used 31669K, committed 32000K, reserved 1081344K
  class space    used 3640K, committed 3840K, reserved 1048576K
}
Event: 6.193 GC heap after
{Heap after GC invocations=7 (full 0):
 garbage-first heap   total 40960K, used 17930K [0x0000000749c00000, 0x0000000800000000)
  region size 2048K, 1 young (2048K), 1 survivors (2048K)
 Metaspace       used 31669K, committed 32000K, reserved 1081344K
  class space    used 3640K, committed 3840K, reserved 1048576K
}
Event: 6.393 GC heap before
{Heap before GC invocations=7 (full 0):
 garbage-first heap   total 40960K, used 26122K [0x0000000749c00000, 0x0000000800000000)
  region size 2048K, 6 young (12288K), 1 survivors (2048K)
 Metaspace       used 34266K, committed 34624K, reserved 1081344K
  class space    used 3917K, committed 4096K, reserved 1048576K
}
Event: 6.396 GC heap after
{Heap after GC invocations=8 (full 0):
 garbage-first heap   total 40960K, used 18675K [0x0000000749c00000, 0x0000000800000000)
  region size 2048K, 1 young (2048K), 1 survivors (2048K)
 Metaspace       used 34266K, committed 34624K, reserved 1081344K
  class space    used 3917K, committed 4096K, reserved 1048576K
}
Event: 6.496 GC heap before
{Heap before GC invocations=8 (full 0):
 garbage-first heap   total 40960K, used 22771K [0x0000000749c00000, 0x0000000800000000)
  region size 2048K, 4 young (8192K), 1 survivors (2048K)
 Metaspace       used 35628K, committed 35968K, reserved 1081344K
  class space    used 4103K, committed 4224K, reserved 1048576K
}
Event: 6.497 GC heap after
{Heap after GC invocations=9 (full 0):
 garbage-first heap   total 40960K, used 18900K [0x0000000749c00000, 0x0000000800000000)
  region size 2048K, 1 young (2048K), 1 survivors (2048K)
 Metaspace       used 35628K, committed 35968K, reserved 1081344K
  class space    used 4103K, committed 4224K, reserved 1048576K
}
Event: 6.558 GC heap before
{Heap before GC invocations=10 (full 0):
 garbage-first heap   total 40960K, used 29140K [0x0000000749c00000, 0x0000000800000000)
  region size 2048K, 6 young (12288K), 1 survivors (2048K)
 Metaspace       used 36397K, committed 36736K, reserved 1081344K
  class space    used 4200K, committed 4352K, reserved 1048576K
}
Event: 6.560 GC heap after
{Heap after GC invocations=11 (full 0):
 garbage-first heap   total 40960K, used 19252K [0x0000000749c00000, 0x0000000800000000)
  region size 2048K, 1 young (2048K), 1 survivors (2048K)
 Metaspace       used 36397K, committed 36736K, reserved 1081344K
  class space    used 4200K, committed 4352K, reserved 1048576K
}
Event: 6.577 GC heap before
{Heap before GC invocations=11 (full 0):
 garbage-first heap   total 40960K, used 29492K [0x0000000749c00000, 0x0000000800000000)
  region size 2048K, 6 young (12288K), 1 survivors (2048K)
 Metaspace       used 36397K, committed 36736K, reserved 1081344K
  class space    used 4200K, committed 4352K, reserved 1048576K
}

