# JRE version: OpenJDK Runtime Environment Temurin-17.0.3+7 (17.0.3+7) (build 17.0.3+7)
# Java VM: OpenJDK 64-Bit Server VM Temurin-17.0.3+7 (17.0.3+7, mixed mode, tiered, compressed oops, compressed class ptrs, g1 gc, windows-amd64)
GC Precious Log:
 CPUs: 4 total, 4 available
 Memory: 11662M
 Large Page Support: Disabled
 NUMA Support: Disabled
 Compressed Oops: Enabled (Zero based)
 Heap Region Size: 2M
 Heap Min Capacity: 8M
 Heap Initial Capacity: 184M
 Heap Max Capacity: 2916M
 Pre-touch: Disabled
 Parallel Workers: 4
 Concurrent Workers: 1
 Concurrent Refinement Workers: 4
 Periodic GC: Disabled
Heap:
 garbage-first heap   total 40960K, used 17764K [0x0000000749c00000, 0x0000000800000000)
  region size 2048K, 1 young (2048K), 1 survivors (2048K)
 Metaspace       used 31880K, committed 32192K, reserved 1081344K
  class space    used 3624K, committed 3776K, reserved 1048576K
GC Heap History (11 events):
Event: 0.600 GC heap before
{Heap before GC invocations=0 (full 0):
 garbage-first heap   total 188416K, used 10240K [0x0000000749c00000, 0x0000000800000000)
  region size 2048K, 6 young (12288K), 0 survivors (0K)
 Metaspace       used 11539K, committed 11712K, reserved 1064960K
  class space    used 1082K, committed 1216K, reserved 1048576K
}
Event: 0.604 GC heap after
{Heap after GC invocations=1 (full 0):
 garbage-first heap   total 188416K, used 5464K [0x0000000749c00000, 0x0000000800000000)
  region size 2048K, 1 young (2048K), 1 survivors (2048K)
 Metaspace       used 11539K, committed 11712K, reserved 1064960K
  class space    used 1082K, committed 1216K, reserved 1048576K
}
Event: 0.807 GC heap before
{Heap before GC invocations=1 (full 0):
 garbage-first heap   total 188416K, used 13656K [0x0000000749c00000, 0x0000000800000000)
  region size 2048K, 5 young (10240K), 1 survivors (2048K)
 Metaspace       used 14355K, committed 14592K, reserved 1064960K
  class space    used 1413K, committed 1536K, reserved 1048576K
}
Event: 0.810 GC heap after
{Heap after GC invocations=2 (full 0):
 garbage-first heap   total 188416K, used 6165K [0x0000000749c00000, 0x0000000800000000)
  region size 2048K, 1 young (2048K), 1 survivors (2048K)
 Metaspace       used 14355K, committed 14592K, reserved 1064960K
  class space    used 1413K, committed 1536K, reserved 1048576K
}
Event: 1.597 GC heap before
{Heap before GC invocations=2 (full 0):
 garbage-first heap   total 188416K, used 26645K [0x0000000749c00000, 0x0000000800000000)
  region size 2048K, 12 young (24576K), 1 survivors (2048K)
 Metaspace       used 21280K, committed 21504K, reserved 1073152K
  class space    used 2329K, committed 2432K, reserved 1048576K
}
Event: 1.600 GC heap after
{Heap after GC invocations=3 (full 0):
 garbage-first heap   total 188416K, used 7777K [0x0000000749c00000, 0x0000000800000000)
  region size 2048K, 2 young (4096K), 2 survivors (4096K)
 Metaspace       used 21280K, committed 21504K, reserved 1073152K
  class space    used 2329K, committed 2432K, reserved 1048576K
}
Event: 2.033 GC heap before
{Heap before GC invocations=4 (full 0):
 garbage-first heap   total 40960K, used 28257K [0x0000000749c00000, 0x0000000800000000)
  region size 2048K, 13 young (26624K), 2 survivors (4096K)
 Metaspace       used 27131K, committed 27456K, reserved 1081344K
  class space    used 3027K, committed 3200K, reserved 1048576K
}
Event: 2.038 GC heap after
{Heap after GC invocations=5 (full 0):
 garbage-first heap   total 40960K, used 10024K [0x0000000749c00000, 0x0000000800000000)
  region size 2048K, 3 young (6144K), 3 survivors (6144K)
 Metaspace       used 27131K, committed 27456K, reserved 1081344K
  class space    used 3027K, committed 3200K, reserved 1048576K
}
Event: 2.084 GC heap before
{Heap before GC invocations=5 (full 0):
 garbage-first heap   total 40960K, used 12072K [0x0000000749c00000, 0x0000000800000000)
  region size 2048K, 4 young (8192K), 3 survivors (6144K)
 Metaspace       used 27672K, committed 28032K, reserved 1081344K
  class space    used 3092K, committed 3264K, reserved 1048576K
}
Event: 2.089 GC heap after
{Heap after GC invocations=6 (full 0):
 garbage-first heap   total 40960K, used 10218K [0x0000000749c00000, 0x0000000800000000)
  region size 2048K, 1 young (2048K), 1 survivors (2048K)
 Metaspace       used 27672K, committed 28032K, reserved 1081344K
  class space    used 3092K, committed 3264K, reserved 1048576K
}
Event: 6.788 GC heap before
{Heap before GC invocations=6 (full 0):
 garbage-first heap   total 40960K, used 30698K [0x0000000749c00000, 0x0000000800000000)
  region size 2048K, 8 young (16384K), 1 survivors (2048K)
 Metaspace       used 31880K, committed 32192K, reserved 1081344K
  class space    used 3624K, committed 3776K, reserved 1048576K
}

