# JRE version: OpenJDK Runtime Environment Temurin-17.0.3+7 (17.0.3+7) (build 17.0.3+7)
# Java VM: OpenJDK 64-Bit Server VM Temurin-17.0.3+7 (17.0.3+7, mixed mode, tiered, compressed oops, compressed class ptrs, g1 gc, windows-amd64)
GC Precious Log:
 CPUs: 4 total, 4 available
 Memory: 11662M
 Large Page Support: Disabled
 NUMA Support: Disabled
 Compressed Oops: Enabled (Zero based)
 Heap Region Size: 2M
 Heap Min Capacity: 8M
 Heap Initial Capacity: 184M
 Heap Max Capacity: 2916M
 Pre-touch: Disabled
 Parallel Workers: 4
 Concurrent Workers: 1
 Concurrent Refinement Workers: 4
 Periodic GC: Disabled
Heap:
 garbage-first heap   total 45056K, used 19523K [0x0000000749c00000, 0x0000000800000000)
  region size 2048K, 1 young (2048K), 1 survivors (2048K)
 Metaspace       used 36701K, committed 36992K, reserved 1089536K
  class space    used 4225K, committed 4352K, reserved 1048576K
GC Heap History (19 events):
Event: 0.472 GC heap before
{Heap before GC invocations=0 (full 0):
 garbage-first heap   total 188416K, used 10240K [0x0000000749c00000, 0x0000000800000000)
  region size 2048K, 6 young (12288K), 0 survivors (0K)
 Metaspace       used 11484K, committed 11712K, reserved 1064960K
  class space    used 1084K, committed 1216K, reserved 1048576K
}
Event: 0.475 GC heap after
{Heap after GC invocations=1 (full 0):
 garbage-first heap   total 188416K, used 5401K [0x0000000749c00000, 0x0000000800000000)
  region size 2048K, 1 young (2048K), 1 survivors (2048K)
 Metaspace       used 11484K, committed 11712K, reserved 1064960K
  class space    used 1084K, committed 1216K, reserved 1048576K
}
Event: 0.647 GC heap before
{Heap before GC invocations=1 (full 0):
 garbage-first heap   total 188416K, used 13593K [0x0000000749c00000, 0x0000000800000000)
  region size 2048K, 5 young (10240K), 1 survivors (2048K)
 Metaspace       used 14245K, committed 14400K, reserved 1064960K
  class space    used 1411K, committed 1472K, reserved 1048576K
}
Event: 0.650 GC heap after
{Heap after GC invocations=2 (full 0):
 garbage-first heap   total 188416K, used 6134K [0x0000000749c00000, 0x0000000800000000)
  region size 2048K, 1 young (2048K), 1 survivors (2048K)
 Metaspace       used 14245K, committed 14400K, reserved 1064960K
  class space    used 1411K, committed 1472K, reserved 1048576K
}
Event: 1.429 GC heap before
{Heap before GC invocations=2 (full 0):
 garbage-first heap   total 188416K, used 26614K [0x0000000749c00000, 0x0000000800000000)
  region size 2048K, 12 young (24576K), 1 survivors (2048K)
 Metaspace       used 21232K, committed 21504K, reserved 1073152K
  class space    used 2343K, committed 2496K, reserved 1048576K
}
Event: 1.433 GC heap after
{Heap after GC invocations=3 (full 0):
 garbage-first heap   total 188416K, used 7885K [0x0000000749c00000, 0x0000000800000000)
  region size 2048K, 2 young (4096K), 2 survivors (4096K)
 Metaspace       used 21232K, committed 21504K, reserved 1073152K
  class space    used 2343K, committed 2496K, reserved 1048576K
}
Event: 1.830 GC heap before
{Heap before GC invocations=4 (full 0):
 garbage-first heap   total 40960K, used 28365K [0x0000000749c00000, 0x0000000800000000)
  region size 2048K, 13 young (26624K), 2 survivors (4096K)
 Metaspace       used 27210K, committed 27520K, reserved 1081344K
  class space    used 3059K, committed 3200K, reserved 1048576K
}
Event: 1.834 GC heap after
{Heap after GC invocations=5 (full 0):
 garbage-first heap   total 40960K, used 10025K [0x0000000749c00000, 0x0000000800000000)
  region size 2048K, 3 young (6144K), 3 survivors (6144K)
 Metaspace       used 27210K, committed 27520K, reserved 1081344K
  class space    used 3059K, committed 3200K, reserved 1048576K
}
Event: 1.894 GC heap before
{Heap before GC invocations=5 (full 0):
 garbage-first heap   total 40960K, used 12073K [0x0000000749c00000, 0x0000000800000000)
  region size 2048K, 4 young (8192K), 3 survivors (6144K)
 Metaspace       used 27712K, committed 28032K, reserved 1081344K
  class space    used 3121K, committed 3264K, reserved 1048576K
}
Event: 1.899 GC heap after
{Heap after GC invocations=6 (full 0):
 garbage-first heap   total 40960K, used 10266K [0x0000000749c00000, 0x0000000800000000)
  region size 2048K, 1 young (2048K), 1 survivors (2048K)
 Metaspace       used 27712K, committed 28032K, reserved 1081344K
  class space    used 3121K, committed 3264K, reserved 1048576K
}
Event: 8.002 GC heap before
{Heap before GC invocations=6 (full 0):
 garbage-first heap   total 40960K, used 30746K [0x0000000749c00000, 0x0000000800000000)
  region size 2048K, 8 young (16384K), 1 survivors (2048K)
 Metaspace       used 31763K, committed 32128K, reserved 1081344K
  class space    used 3649K, committed 3840K, reserved 1048576K
}
Event: 8.004 GC heap after
{Heap after GC invocations=7 (full 0):
 garbage-first heap   total 40960K, used 17807K [0x0000000749c00000, 0x0000000800000000)
  region size 2048K, 1 young (2048K), 1 survivors (2048K)
 Metaspace       used 31763K, committed 32128K, reserved 1081344K
  class space    used 3649K, committed 3840K, reserved 1048576K
}
Event: 9.664 GC heap before
{Heap before GC invocations=7 (full 0):
 garbage-first heap   total 40960K, used 25999K [0x0000000749c00000, 0x0000000800000000)
  region size 2048K, 6 young (12288K), 1 survivors (2048K)
 Metaspace       used 34008K, committed 34368K, reserved 1081344K
  class space    used 3888K, committed 4032K, reserved 1048576K
}
Event: 9.667 GC heap after
{Heap after GC invocations=8 (full 0):
 garbage-first heap   total 40960K, used 18756K [0x0000000749c00000, 0x0000000800000000)
  region size 2048K, 1 young (2048K), 1 survivors (2048K)
 Metaspace       used 34008K, committed 34368K, reserved 1081344K
  class space    used 3888K, committed 4032K, reserved 1048576K
}
Event: 9.787 GC heap before
{Heap before GC invocations=8 (full 0):
 garbage-first heap   total 40960K, used 24900K [0x0000000749c00000, 0x0000000800000000)
  region size 2048K, 5 young (10240K), 1 survivors (2048K)
 Metaspace       used 35809K, committed 36096K, reserved 1081344K
  class space    used 4112K, committed 4224K, reserved 1048576K
}
Event: 9.789 GC heap after
{Heap after GC invocations=9 (full 0):
 garbage-first heap   total 40960K, used 19008K [0x0000000749c00000, 0x0000000800000000)
  region size 2048K, 1 young (2048K), 1 survivors (2048K)
 Metaspace       used 35809K, committed 36096K, reserved 1081344K
  class space    used 4112K, committed 4224K, reserved 1048576K
}
Event: 9.878 GC heap before
{Heap before GC invocations=10 (full 0):
 garbage-first heap   total 40960K, used 29248K [0x0000000749c00000, 0x0000000800000000)
  region size 2048K, 6 young (12288K), 1 survivors (2048K)
 Metaspace       used 36701K, committed 36992K, reserved 1089536K
  class space    used 4225K, committed 4352K, reserved 1048576K
}
Event: 9.880 GC heap after
{Heap after GC invocations=11 (full 0):
 garbage-first heap   total 40960K, used 19326K [0x0000000749c00000, 0x0000000800000000)
  region size 2048K, 1 young (2048K), 1 survivors (2048K)
 Metaspace       used 36701K, committed 36992K, reserved 1089536K
  class space    used 4225K, committed 4352K, reserved 1048576K
}
Event: 9.910 GC heap before
{Heap before GC invocations=11 (full 0):
 garbage-first heap   total 45056K, used 25470K [0x0000000749c00000, 0x0000000800000000)
  region size 2048K, 5 young (10240K), 1 survivors (2048K)
 Metaspace       used 36701K, committed 36992K, reserved 1089536K
  class space    used 4225K, committed 4352K, reserved 1048576K
}

