# JRE version: OpenJDK Runtime Environment Temurin-17.0.3+7 (17.0.3+7) (build 17.0.3+7)
# Java VM: OpenJDK 64-Bit Server VM Temurin-17.0.3+7 (17.0.3+7, mixed mode, tiered, compressed oops, compressed class ptrs, g1 gc, windows-amd64)
GC Precious Log:
 CPUs: 4 total, 4 available
 Memory: 11662M
 Large Page Support: Disabled
 NUMA Support: Disabled
 Compressed Oops: Enabled (Zero based)
 Heap Region Size: 2M
 Heap Min Capacity: 8M
 Heap Initial Capacity: 184M
 Heap Max Capacity: 2916M
 Pre-touch: Disabled
 Parallel Workers: 4
 Concurrent Workers: 1
 Concurrent Refinement Workers: 4
 Periodic GC: Disabled
Heap:
 garbage-first heap   total 40960K, used 28705K [0x0000000749c00000, 0x0000000800000000)
  region size 2048K, 8 young (16384K), 1 survivors (2048K)
 Metaspace       used 31421K, committed 31744K, reserved 1081344K
  class space    used 3599K, committed 3776K, reserved 1048576K
GC Heap History (10 events):
Event: 0.627 GC heap before
{Heap before GC invocations=0 (full 0):
 garbage-first heap   total 188416K, used 10240K [0x0000000749c00000, 0x0000000800000000)
  region size 2048K, 6 young (12288K), 0 survivors (0K)
 Metaspace       used 11482K, committed 11712K, reserved 1064960K
  class space    used 1084K, committed 1216K, reserved 1048576K
}
Event: 0.631 GC heap after
{Heap after GC invocations=1 (full 0):
 garbage-first heap   total 188416K, used 5515K [0x0000000749c00000, 0x0000000800000000)
  region size 2048K, 1 young (2048K), 1 survivors (2048K)
 Metaspace       used 11482K, committed 11712K, reserved 1064960K
  class space    used 1084K, committed 1216K, reserved 1048576K
}
Event: 0.843 GC heap before
{Heap before GC invocations=1 (full 0):
 garbage-first heap   total 188416K, used 13707K [0x0000000749c00000, 0x0000000800000000)
  region size 2048K, 5 young (10240K), 1 survivors (2048K)
 Metaspace       used 14231K, committed 14400K, reserved 1064960K
  class space    used 1411K, committed 1472K, reserved 1048576K
}
Event: 0.846 GC heap after
{Heap after GC invocations=2 (full 0):
 garbage-first heap   total 188416K, used 6125K [0x0000000749c00000, 0x0000000800000000)
  region size 2048K, 1 young (2048K), 1 survivors (2048K)
 Metaspace       used 14231K, committed 14400K, reserved 1064960K
  class space    used 1411K, committed 1472K, reserved 1048576K
}
Event: 1.842 GC heap before
{Heap before GC invocations=2 (full 0):
 garbage-first heap   total 188416K, used 26605K [0x0000000749c00000, 0x0000000800000000)
  region size 2048K, 12 young (24576K), 1 survivors (2048K)
 Metaspace       used 21205K, committed 21504K, reserved 1073152K
  class space    used 2338K, committed 2496K, reserved 1048576K
}
Event: 1.847 GC heap after
{Heap after GC invocations=3 (full 0):
 garbage-first heap   total 188416K, used 7821K [0x0000000749c00000, 0x0000000800000000)
  region size 2048K, 2 young (4096K), 2 survivors (4096K)
 Metaspace       used 21205K, committed 21504K, reserved 1073152K
  class space    used 2338K, committed 2496K, reserved 1048576K
}
Event: 2.269 GC heap before
{Heap before GC invocations=4 (full 0):
 garbage-first heap   total 40960K, used 28301K [0x0000000749c00000, 0x0000000800000000)
  region size 2048K, 13 young (26624K), 2 survivors (4096K)
 Metaspace       used 27076K, committed 27392K, reserved 1081344K
  class space    used 3042K, committed 3200K, reserved 1048576K
}
Event: 2.273 GC heap after
{Heap after GC invocations=5 (full 0):
 garbage-first heap   total 40960K, used 10022K [0x0000000749c00000, 0x0000000800000000)
  region size 2048K, 3 young (6144K), 3 survivors (6144K)
 Metaspace       used 27076K, committed 27392K, reserved 1081344K
  class space    used 3042K, committed 3200K, reserved 1048576K
}
Event: 2.317 GC heap before
{Heap before GC invocations=5 (full 0):
 garbage-first heap   total 40960K, used 12070K [0x0000000749c00000, 0x0000000800000000)
  region size 2048K, 4 young (8192K), 3 survivors (6144K)
 Metaspace       used 27629K, committed 27968K, reserved 1081344K
  class space    used 3109K, committed 3264K, reserved 1048576K
}
Event: 2.322 GC heap after
{Heap after GC invocations=6 (full 0):
 garbage-first heap   total 40960K, used 10273K [0x0000000749c00000, 0x0000000800000000)
  region size 2048K, 1 young (2048K), 1 survivors (2048K)
 Metaspace       used 27629K, committed 27968K, reserved 1081344K
  class space    used 3109K, committed 3264K, reserved 1048576K
}

